I: using fakeroot in build.
I: Current time: Tue Jun 26 09:54:33 CEST 2012
I: pbuilder-time-stamp: 1340697273
I: Building the build Environment
I: extracting base tarball [/home/rob/pbuilder/precise-base.tgz]
I: creating local configuration
I: copying local configuration
W: --override-config is not set; not updating apt.conf Read the manpage for details.
I: mounting /proc filesystem
I: mounting /dev/pts filesystem
I: Mounting /var/cache/pbuilder/ccache
I: policy-rc.d already exists
I: Obtaining the cached apt archive contents
I: Setting up ccache
I: Installing the build-deps
 -> Attempting to satisfy build-dependencies
 -> Creating pbuilder-satisfydepends-dummy package
Package: pbuilder-satisfydepends-dummy
Version: 0.invalid.0
Architecture: i386
Maintainer: Debian Pbuilder Team <pbuilder-maint@lists.alioth.debian.org>
Description: Dummy package to satisfy dependencies with aptitude - created by pbuilder
 This package was created automatically by pbuilder to satisfy the
 build-dependencies of the package being currently built.
Depends: debhelper (>= 8.0.0), libqt4-dev, qt4-qmake, libx11-dev
dpkg-deb: building package `pbuilder-satisfydepends-dummy' in `/tmp/satisfydepends-aptitude/pbuilder-satisfydepends-dummy.deb'.
Selecting previously unselected package pbuilder-satisfydepends-dummy.
(Reading database ... 13982 files and directories currently installed.)
Unpacking pbuilder-satisfydepends-dummy (from .../pbuilder-satisfydepends-dummy.deb) ...
dpkg: pbuilder-satisfydepends-dummy: dependency problems, but configuring anyway as you requested:
 pbuilder-satisfydepends-dummy depends on debhelper (>= 8.0.0); however:
  Package debhelper is not installed.
 pbuilder-satisfydepends-dummy depends on libqt4-dev; however:
  Package libqt4-dev is not installed.
 pbuilder-satisfydepends-dummy depends on qt4-qmake; however:
  Package qt4-qmake is not installed.
 pbuilder-satisfydepends-dummy depends on libx11-dev; however:
  Package libx11-dev is not installed.
Setting up pbuilder-satisfydepends-dummy (0.invalid.0) ...
Reading package lists...
Building dependency tree...
Reading state information...
Initializing package states...
Writing extended state information...
The following NEW packages will be installed:
  bsdmainutils{a} debhelper{a} dh-apparmor{a} file{a} fontconfig{a} 
  fontconfig-config{a} gettext{a} gettext-base{a} groff-base{a} 
  html2text{a} intltool-debian{a} libaudio2{a} libcroco3{a} libexpat1{a} 
  libfontconfig1{a} libfreetype6{a} libgettextpo0{a} libice6{a} 
  libjpeg-turbo8{a} libjpeg8{a} liblcms1{a} libmagic1{a} libmng1{a} 
  libpipeline1{a} libpthread-stubs0{a} libpthread-stubs0-dev{a} 
  libqt4-dbus{a} libqt4-declarative{a} libqt4-designer{a} libqt4-dev{a} 
  libqt4-help{a} libqt4-network{a} libqt4-qt3support{a} libqt4-script{a} 
  libqt4-scripttools{a} libqt4-sql{a} libqt4-svg{a} libqt4-test{a} 
  libqt4-xml{a} libqt4-xmlpatterns{a} libqtcore4{a} libqtgui4{a} libsm6{a} 
  libtiff4{a} libunistring0{a} libx11-6{a} libx11-data{a} libx11-dev{a} 
  libxau-dev{a} libxau6{a} libxcb1{a} libxcb1-dev{a} libxdmcp-dev{a} 
  libxdmcp6{a} libxext6{a} libxi6{a} libxml2{a} libxrender1{a} libxt6{a} 
  man-db{a} po-debconf{a} qt4-linguist-tools{a} qt4-qmake{a} 
  ttf-dejavu-core{a} ucf{a} x11-common{a} x11proto-core-dev{a} 
  x11proto-input-dev{a} x11proto-kb-dev{a} xorg-sgml-doctools{a} 
  xtrans-dev{a} 
0 packages upgraded, 71 newly installed, 0 to remove and 0 not upgraded.
Need to get 0 B/31.6 MB of archives. After unpacking 113 MB will be used.
Writing extended state information...
debconf: delaying package configuration, since apt-utils is not installed
Selecting previously unselected package libexpat1.
(Reading database ... 13982 files and directories currently installed.)
Unpacking libexpat1 (from .../libexpat1_2.0.1-7.2ubuntu1_i386.deb) ...
Selecting previously unselected package libpipeline1.
Unpacking libpipeline1 (from .../libpipeline1_1.2.1-1_i386.deb) ...
Selecting previously unselected package libxau6.
Unpacking libxau6 (from .../libxau6_1%3a1.0.6-4_i386.deb) ...
Selecting previously unselected package libxdmcp6.
Unpacking libxdmcp6 (from .../libxdmcp6_1%3a1.1.0-4_i386.deb) ...
Selecting previously unselected package libxcb1.
Unpacking libxcb1 (from .../libxcb1_1.8.1-1_i386.deb) ...
Selecting previously unselected package libx11-data.
Unpacking libx11-data (from .../libx11-data_2%3a1.4.99.1-0ubuntu2_all.deb) ...
Selecting previously unselected package libx11-6.
Unpacking libx11-6 (from .../libx11-6_2%3a1.4.99.1-0ubuntu2_i386.deb) ...
Selecting previously unselected package libxext6.
Unpacking libxext6 (from .../libxext6_2%3a1.3.0-3build1_i386.deb) ...
Selecting previously unselected package libxml2.
Unpacking libxml2 (from .../libxml2_2.7.8.dfsg-5.1ubuntu4.1_i386.deb) ...
Selecting previously unselected package x11-common.
Unpacking x11-common (from .../x11-common_1%3a7.6+12ubuntu1_all.deb) ...
Selecting previously unselected package libice6.
Unpacking libice6 (from .../libice6_2%3a1.0.7-2build1_i386.deb) ...
Selecting previously unselected package libsm6.
Unpacking libsm6 (from .../libsm6_2%3a1.2.0-2build1_i386.deb) ...
Selecting previously unselected package libxt6.
Unpacking libxt6 (from .../libxt6_1%3a1.1.1-2build1_i386.deb) ...
Selecting previously unselected package libaudio2.
Unpacking libaudio2 (from .../libaudio2_1.9.3-4_i386.deb) ...
Selecting previously unselected package libcroco3.
Unpacking libcroco3 (from .../libcroco3_0.6.5-1_i386.deb) ...
Selecting previously unselected package libfreetype6.
Unpacking libfreetype6 (from .../libfreetype6_2.4.8-1ubuntu2_i386.deb) ...
Selecting previously unselected package ucf.
Unpacking ucf (from .../ucf_3.0025+nmu2ubuntu1_all.deb) ...
Moving old data out of the way
Selecting previously unselected package ttf-dejavu-core.
Unpacking ttf-dejavu-core (from .../ttf-dejavu-core_2.33-2ubuntu1_all.deb) ...
Selecting previously unselected package fontconfig-config.
Unpacking fontconfig-config (from .../fontconfig-config_2.8.0-3ubuntu9_all.deb) ...
Selecting previously unselected package libfontconfig1.
Unpacking libfontconfig1 (from .../libfontconfig1_2.8.0-3ubuntu9_i386.deb) ...
Selecting previously unselected package libunistring0.
Unpacking libunistring0 (from .../libunistring0_0.9.3-5_i386.deb) ...
Selecting previously unselected package libgettextpo0.
Unpacking libgettextpo0 (from .../libgettextpo0_0.18.1.1-5ubuntu3_i386.deb) ...
Selecting previously unselected package libjpeg-turbo8.
Unpacking libjpeg-turbo8 (from .../libjpeg-turbo8_1.1.90+svn733-0ubuntu4_i386.deb) ...
Selecting previously unselected package liblcms1.
Unpacking liblcms1 (from .../liblcms1_1.19.dfsg-1ubuntu3_i386.deb) ...
Selecting previously unselected package libjpeg8.
Unpacking libjpeg8 (from .../libjpeg8_8c-2ubuntu7_i386.deb) ...
Selecting previously unselected package libmng1.
Unpacking libmng1 (from .../libmng1_1.0.10-3_i386.deb) ...
Selecting previously unselected package libqtcore4.
Unpacking libqtcore4 (from .../libqtcore4_4%3a4.8.1-0ubuntu4.1_i386.deb) ...
Selecting previously unselected package libqt4-xml.
Unpacking libqt4-xml (from .../libqt4-xml_4%3a4.8.1-0ubuntu4.1_i386.deb) ...
Selecting previously unselected package libqt4-dbus.
Unpacking libqt4-dbus (from .../libqt4-dbus_4%3a4.8.1-0ubuntu4.1_i386.deb) ...
Selecting previously unselected package libqt4-network.
Unpacking libqt4-network (from .../libqt4-network_4%3a4.8.1-0ubuntu4.1_i386.deb) ...
Selecting previously unselected package libqt4-script.
Unpacking libqt4-script (from .../libqt4-script_4%3a4.8.1-0ubuntu4.1_i386.deb) ...
Selecting previously unselected package libqt4-sql.
Unpacking libqt4-sql (from .../libqt4-sql_4%3a4.8.1-0ubuntu4.1_i386.deb) ...
Selecting previously unselected package libqt4-xmlpatterns.
Unpacking libqt4-xmlpatterns (from .../libqt4-xmlpatterns_4%3a4.8.1-0ubuntu4.1_i386.deb) ...
Selecting previously unselected package fontconfig.
Unpacking fontconfig (from .../fontconfig_2.8.0-3ubuntu9_i386.deb) ...
Selecting previously unselected package libtiff4.
Unpacking libtiff4 (from .../libtiff4_3.9.5-2ubuntu1_i386.deb) ...
Selecting previously unselected package libxi6.
Unpacking libxi6 (from .../libxi6_2%3a1.6.0-0ubuntu2_i386.deb) ...
Selecting previously unselected package libxrender1.
Unpacking libxrender1 (from .../libxrender1_1%3a0.9.6-2build1_i386.deb) ...
Selecting previously unselected package libqtgui4.
Unpacking libqtgui4 (from .../libqtgui4_4%3a4.8.1-0ubuntu4.1_i386.deb) ...
Selecting previously unselected package libqt4-declarative.
Unpacking libqt4-declarative (from .../libqt4-declarative_4%3a4.8.1-0ubuntu4.1_i386.deb) ...
Selecting previously unselected package libqt4-designer.
Unpacking libqt4-designer (from .../libqt4-designer_4%3a4.8.1-0ubuntu4.1_i386.deb) ...
Selecting previously unselected package libqt4-help.
Unpacking libqt4-help (from .../libqt4-help_4%3a4.8.1-0ubuntu4.1_i386.deb) ...
Selecting previously unselected package libqt4-qt3support.
Unpacking libqt4-qt3support (from .../libqt4-qt3support_4%3a4.8.1-0ubuntu4.1_i386.deb) ...
Selecting previously unselected package libqt4-scripttools.
Unpacking libqt4-scripttools (from .../libqt4-scripttools_4%3a4.8.1-0ubuntu4.1_i386.deb) ...
Selecting previously unselected package libqt4-svg.
Unpacking libqt4-svg (from .../libqt4-svg_4%3a4.8.1-0ubuntu4.1_i386.deb) ...
Selecting previously unselected package libqt4-test.
Unpacking libqt4-test (from .../libqt4-test_4%3a4.8.1-0ubuntu4.1_i386.deb) ...
Selecting previously unselected package libmagic1.
Unpacking libmagic1 (from .../libmagic1_5.09-2_i386.deb) ...
Selecting previously unselected package file.
Unpacking file (from .../archives/file_5.09-2_i386.deb) ...
Selecting previously unselected package bsdmainutils.
Unpacking bsdmainutils (from .../bsdmainutils_8.2.3ubuntu1_i386.deb) ...
Selecting previously unselected package gettext-base.
Unpacking gettext-base (from .../gettext-base_0.18.1.1-5ubuntu3_i386.deb) ...
Selecting previously unselected package groff-base.
Unpacking groff-base (from .../groff-base_1.21-7_i386.deb) ...
Selecting previously unselected package man-db.
Unpacking man-db (from .../man-db_2.6.1-2_i386.deb) ...
Selecting previously unselected package html2text.
Unpacking html2text (from .../html2text_1.3.2a-15_i386.deb) ...
Selecting previously unselected package gettext.
Unpacking gettext (from .../gettext_0.18.1.1-5ubuntu3_i386.deb) ...
Selecting previously unselected package intltool-debian.
Unpacking intltool-debian (from .../intltool-debian_0.35.0+20060710.1_all.deb) ...
Selecting previously unselected package po-debconf.
Unpacking po-debconf (from .../po-debconf_1.0.16+nmu2ubuntu1_all.deb) ...
Selecting previously unselected package dh-apparmor.
Unpacking dh-apparmor (from .../dh-apparmor_2.7.102-0ubuntu3.1_all.deb) ...
Selecting previously unselected package debhelper.
Unpacking debhelper (from .../debhelper_9.20120115ubuntu3_all.deb) ...
Selecting previously unselected package libpthread-stubs0.
Unpacking libpthread-stubs0 (from .../libpthread-stubs0_0.3-3_i386.deb) ...
Selecting previously unselected package libpthread-stubs0-dev.
Unpacking libpthread-stubs0-dev (from .../libpthread-stubs0-dev_0.3-3_i386.deb) ...
Selecting previously unselected package qt4-linguist-tools.
Unpacking qt4-linguist-tools (from .../qt4-linguist-tools_4%3a4.8.1-0ubuntu4.1_i386.deb) ...
Selecting previously unselected package qt4-qmake.
Unpacking qt4-qmake (from .../qt4-qmake_4%3a4.8.1-0ubuntu4.1_i386.deb) ...
Selecting previously unselected package libqt4-dev.
Unpacking libqt4-dev (from .../libqt4-dev_4%3a4.8.1-0ubuntu4.1_i386.deb) ...
Selecting previously unselected package xorg-sgml-doctools.
Unpacking xorg-sgml-doctools (from .../xorg-sgml-doctools_1%3a1.10-1_all.deb) ...
Selecting previously unselected package x11proto-core-dev.
Unpacking x11proto-core-dev (from .../x11proto-core-dev_7.0.22-1_all.deb) ...
Selecting previously unselected package libxau-dev.
Unpacking libxau-dev (from .../libxau-dev_1%3a1.0.6-4_i386.deb) ...
Selecting previously unselected package libxdmcp-dev.
Unpacking libxdmcp-dev (from .../libxdmcp-dev_1%3a1.1.0-4_i386.deb) ...
Selecting previously unselected package x11proto-input-dev.
Unpacking x11proto-input-dev (from .../x11proto-input-dev_2.1.99.6-1_all.deb) ...
Selecting previously unselected package x11proto-kb-dev.
Unpacking x11proto-kb-dev (from .../x11proto-kb-dev_1.0.5-2_all.deb) ...
Selecting previously unselected package xtrans-dev.
Unpacking xtrans-dev (from .../xtrans-dev_1.2.6-2_all.deb) ...
Selecting previously unselected package libxcb1-dev.
Unpacking libxcb1-dev (from .../libxcb1-dev_1.8.1-1_i386.deb) ...
Selecting previously unselected package libx11-dev.
Unpacking libx11-dev (from .../libx11-dev_2%3a1.4.99.1-0ubuntu2_i386.deb) ...
Setting up libexpat1 (2.0.1-7.2ubuntu1) ...
Setting up libpipeline1 (1.2.1-1) ...
Setting up libxau6 (1:1.0.6-4) ...
Setting up libxdmcp6 (1:1.1.0-4) ...
Setting up libxcb1 (1.8.1-1) ...
Setting up libx11-data (2:1.4.99.1-0ubuntu2) ...
Setting up libx11-6 (2:1.4.99.1-0ubuntu2) ...
Setting up libxext6 (2:1.3.0-3build1) ...
Setting up libxml2 (2.7.8.dfsg-5.1ubuntu4.1) ...
Setting up x11-common (1:7.6+12ubuntu1) ...
Setting up libice6 (2:1.0.7-2build1) ...
Setting up libsm6 (2:1.2.0-2build1) ...
Setting up libxt6 (1:1.1.1-2build1) ...
Setting up libaudio2 (1.9.3-4) ...
Setting up libcroco3 (0.6.5-1) ...
Setting up libfreetype6 (2.4.8-1ubuntu2) ...
Setting up ucf (3.0025+nmu2ubuntu1) ...
Setting up ttf-dejavu-core (2.33-2ubuntu1) ...
Setting up fontconfig-config (2.8.0-3ubuntu9) ...
Setting up libfontconfig1 (2.8.0-3ubuntu9) ...
Setting up libunistring0 (0.9.3-5) ...
Setting up libgettextpo0 (0.18.1.1-5ubuntu3) ...
Setting up libjpeg-turbo8 (1.1.90+svn733-0ubuntu4) ...
Setting up liblcms1 (1.19.dfsg-1ubuntu3) ...
Setting up libjpeg8 (8c-2ubuntu7) ...
Setting up libmng1 (1.0.10-3) ...
Setting up libqtcore4 (4:4.8.1-0ubuntu4.1) ...
Setting up libqt4-xml (4:4.8.1-0ubuntu4.1) ...
Setting up libqt4-dbus (4:4.8.1-0ubuntu4.1) ...
Setting up libqt4-network (4:4.8.1-0ubuntu4.1) ...
Setting up libqt4-script (4:4.8.1-0ubuntu4.1) ...
Setting up libqt4-sql (4:4.8.1-0ubuntu4.1) ...
Setting up libqt4-xmlpatterns (4:4.8.1-0ubuntu4.1) ...
Setting up fontconfig (2.8.0-3ubuntu9) ...
Cleaning up old fontconfig caches... done.
Regenerating fonts cache... done.
Setting up libtiff4 (3.9.5-2ubuntu1) ...
Setting up libxi6 (2:1.6.0-0ubuntu2) ...
Setting up libxrender1 (1:0.9.6-2build1) ...
Setting up libqt4-test (4:4.8.1-0ubuntu4.1) ...
Setting up libmagic1 (5.09-2) ...
Setting up file (5.09-2) ...
Setting up bsdmainutils (8.2.3ubuntu1) ...
update-alternatives: using /usr/bin/bsd-write to provide /usr/bin/write (write) in auto mode.
update-alternatives: using /usr/bin/bsd-from to provide /usr/bin/from (from) in auto mode.
Setting up gettext-base (0.18.1.1-5ubuntu3) ...
Setting up groff-base (1.21-7) ...
Setting up man-db (2.6.1-2) ...
Building database of manual pages ...
Setting up html2text (1.3.2a-15) ...
Setting up gettext (0.18.1.1-5ubuntu3) ...
Setting up intltool-debian (0.35.0+20060710.1) ...
Setting up po-debconf (1.0.16+nmu2ubuntu1) ...
Setting up dh-apparmor (2.7.102-0ubuntu3.1) ...
Setting up debhelper (9.20120115ubuntu3) ...
Setting up libpthread-stubs0 (0.3-3) ...
Setting up libpthread-stubs0-dev (0.3-3) ...
Setting up qt4-linguist-tools (4:4.8.1-0ubuntu4.1) ...
update-alternatives: using /usr/bin/lupdate-qt4 to provide /usr/bin/lupdate (lupdate) in auto mode.
update-alternatives: using /usr/bin/lrelease-qt4 to provide /usr/bin/lrelease (lrelease) in auto mode.
Setting up qt4-qmake (4:4.8.1-0ubuntu4.1) ...
update-alternatives: using /usr/bin/qmake-qt4 to provide /usr/bin/qmake (qmake) in auto mode.
Setting up xorg-sgml-doctools (1:1.10-1) ...
Setting up x11proto-core-dev (7.0.22-1) ...
Setting up libxau-dev (1:1.0.6-4) ...
Setting up libxdmcp-dev (1:1.1.0-4) ...
Setting up x11proto-input-dev (2.1.99.6-1) ...
Setting up x11proto-kb-dev (1.0.5-2) ...
Setting up xtrans-dev (1.2.6-2) ...
Setting up libxcb1-dev (1.8.1-1) ...
Setting up libx11-dev (2:1.4.99.1-0ubuntu2) ...
Setting up libqt4-declarative (4:4.8.1-0ubuntu4.1) ...
Setting up libqtgui4 (4:4.8.1-0ubuntu4.1) ...
Setting up libqt4-designer (4:4.8.1-0ubuntu4.1) ...
Setting up libqt4-help (4:4.8.1-0ubuntu4.1) ...
Setting up libqt4-qt3support (4:4.8.1-0ubuntu4.1) ...
Setting up libqt4-scripttools (4:4.8.1-0ubuntu4.1) ...
Setting up libqt4-svg (4:4.8.1-0ubuntu4.1) ...
Setting up libqt4-dev (4:4.8.1-0ubuntu4.1) ...
update-alternatives: using /usr/bin/moc-qt4 to provide /usr/bin/moc (moc) in auto mode.
update-alternatives: using /usr/bin/uic-qt4 to provide /usr/bin/uic (uic) in auto mode.
update-alternatives: warning: skip creation of /usr/share/man/man1/uic.1.gz because associated file /usr/share/man/man1/uic-qt4.1.gz (of link group uic) doesn't exist.
Processing triggers for libc-bin ...
ldconfig deferred processing now taking place
Reading package lists...
Building dependency tree...
Reading state information...
Reading extended state information...
Initializing package states...
Writing extended state information...
 -> Finished parsing the build-deps
Reading package lists...
Building dependency tree...
Reading state information...
fakeroot is already the newest version.
0 upgraded, 0 newly installed, 0 to remove and 0 not upgraded.
I: Copying back the cached apt archive contents
I: Copying source file
I: copying [../babysmix_1.0-0ubuntu1-1.dsc]
I: copying [../babysmix_1.0-0ubuntu1-1.tar.gz]
I: Extracting source
gpgv: Signature made Tue Jun 26 07:52:32 2012 UTC using RSA key ID FAF96E55
gpgv: Can't check signature: public key not found
dpkg-source: warning: failed to verify signature on ./babysmix_1.0-0ubuntu1-1.dsc
dpkg-source: info: extracting babysmix in babysmix-1.0-0ubuntu1
dpkg-source: info: unpacking babysmix_1.0-0ubuntu1-1.tar.gz
I: Building the package
I: Running cd tmp/buildd/*/ && env PATH="/usr/lib/ccache:/usr/sbin:/usr/bin:/sbin:/bin" dpkg-buildpackage -us -uc  -rfakeroot
dpkg-buildpackage: export CFLAGS from dpkg-buildflags (origin: vendor): -g -O2 -fstack-protector --param=ssp-buffer-size=4 -Wformat -Wformat-security
dpkg-buildpackage: export CPPFLAGS from dpkg-buildflags (origin: vendor): -D_FORTIFY_SOURCE=2
dpkg-buildpackage: export CXXFLAGS from dpkg-buildflags (origin: vendor): -g -O2 -fstack-protector --param=ssp-buffer-size=4 -Wformat -Wformat-security
dpkg-buildpackage: export FFLAGS from dpkg-buildflags (origin: vendor): -g -O2
dpkg-buildpackage: export LDFLAGS from dpkg-buildflags (origin: vendor): -Wl,-Bsymbolic-functions -Wl,-z,relro
dpkg-buildpackage: source package babysmix
dpkg-buildpackage: source version 1.0-0ubuntu1-1
dpkg-buildpackage: source changed by Rob Williamson (Developer extrordinaire) <rob@robwilliamson.com>
 dpkg-source --before-build babysmix-1.0-0ubuntu1
dpkg-buildpackage: host architecture i386
 fakeroot debian/rules clean
dh clean
   dh_testdir
   dh_auto_clean
   dh_clean
 dpkg-source -b babysmix-1.0-0ubuntu1
dpkg-source: warning: Version number suggests Ubuntu changes, but there is no XSBC-Original-Maintainer field
dpkg-source: info: using source format `1.0'
dpkg-source: info: building babysmix in babysmix_1.0-0ubuntu1-1.tar.gz
dpkg-source: info: building babysmix in babysmix_1.0-0ubuntu1-1.dsc
 debian/rules build
dh build
   dh_testdir
   dh_auto_configure
   dh_auto_build
make[1]: Entering directory `/tmp/buildd/babysmix-1.0-0ubuntu1'
g++ -c -pipe -g -O2 -fstack-protector --param=ssp-buffer-size=4 -Wformat -Wformat-security -D_FORTIFY_SOURCE=2 -Wall -W -D_REENTRANT -DAPP_VERSION=\"1.0.0\" -DQT_NO_DEBUG -DQT_DECLARATIVE_LIB -DQT_GUI_LIB -DQT_CORE_LIB -DQT_SHARED -I/usr/share/qt4/mkspecs/linux-g++ -I. -I/usr/include/qt4/QtCore -I/usr/include/qt4/QtGui -I/usr/include/qt4/QtDeclarative -I/usr/include/qt4 -Iqmlapplicationviewer -I. -o main.o main.cpp
g++ -c -pipe -g -O2 -fstack-protector --param=ssp-buffer-size=4 -Wformat -Wformat-security -D_FORTIFY_SOURCE=2 -Wall -W -D_REENTRANT -DAPP_VERSION=\"1.0.0\" -DQT_NO_DEBUG -DQT_DECLARATIVE_LIB -DQT_GUI_LIB -DQT_CORE_LIB -DQT_SHARED -I/usr/share/qt4/mkspecs/linux-g++ -I. -I/usr/include/qt4/QtCore -I/usr/include/qt4/QtGui -I/usr/include/qt4/QtDeclarative -I/usr/include/qt4 -Iqmlapplicationviewer -I. -o container.o container.cpp
g++ -c -pipe -g -O2 -fstack-protector --param=ssp-buffer-size=4 -Wformat -Wformat-security -D_FORTIFY_SOURCE=2 -Wall -W -D_REENTRANT -DAPP_VERSION=\"1.0.0\" -DQT_NO_DEBUG -DQT_DECLARATIVE_LIB -DQT_GUI_LIB -DQT_CORE_LIB -DQT_SHARED -I/usr/share/qt4/mkspecs/linux-g++ -I. -I/usr/include/qt4/QtCore -I/usr/include/qt4/QtGui -I/usr/include/qt4/QtDeclarative -I/usr/include/qt4 -Iqmlapplicationviewer -I. -o qmlapplicationviewer.o qmlapplicationviewer/qmlapplicationviewer.cpp
/usr/bin/moc-qt4 -DAPP_VERSION=\"1.0.0\" -DQT_NO_DEBUG -DQT_DECLARATIVE_LIB -DQT_GUI_LIB -DQT_CORE_LIB -DQT_SHARED -I/usr/share/qt4/mkspecs/linux-g++ -I. -I/usr/include/qt4/QtCore -I/usr/include/qt4/QtGui -I/usr/include/qt4/QtDeclarative -I/usr/include/qt4 -Iqmlapplicationviewer -I. container.h -o moc_container.cpp
g++ -c -pipe -g -O2 -fstack-protector --param=ssp-buffer-size=4 -Wformat -Wformat-security -D_FORTIFY_SOURCE=2 -Wall -W -D_REENTRANT -DAPP_VERSION=\"1.0.0\" -DQT_NO_DEBUG -DQT_DECLARATIVE_LIB -DQT_GUI_LIB -DQT_CORE_LIB -DQT_SHARED -I/usr/share/qt4/mkspecs/linux-g++ -I. -I/usr/include/qt4/QtCore -I/usr/include/qt4/QtGui -I/usr/include/qt4/QtDeclarative -I/usr/include/qt4 -Iqmlapplicationviewer -I. -o moc_container.o moc_container.cpp
/usr/bin/moc-qt4 -DAPP_VERSION=\"1.0.0\" -DQT_NO_DEBUG -DQT_DECLARATIVE_LIB -DQT_GUI_LIB -DQT_CORE_LIB -DQT_SHARED -I/usr/share/qt4/mkspecs/linux-g++ -I. -I/usr/include/qt4/QtCore -I/usr/include/qt4/QtGui -I/usr/include/qt4/QtDeclarative -I/usr/include/qt4 -Iqmlapplicationviewer -I. qmlapplicationviewer/qmlapplicationviewer.h -o moc_qmlapplicationviewer.cpp
g++ -c -pipe -g -O2 -fstack-protector --param=ssp-buffer-size=4 -Wformat -Wformat-security -D_FORTIFY_SOURCE=2 -Wall -W -D_REENTRANT -DAPP_VERSION=\"1.0.0\" -DQT_NO_DEBUG -DQT_DECLARATIVE_LIB -DQT_GUI_LIB -DQT_CORE_LIB -DQT_SHARED -I/usr/share/qt4/mkspecs/linux-g++ -I. -I/usr/include/qt4/QtCore -I/usr/include/qt4/QtGui -I/usr/include/qt4/QtDeclarative -I/usr/include/qt4 -Iqmlapplicationviewer -I. -o moc_qmlapplicationviewer.o moc_qmlapplicationviewer.cpp
g++ -Wl,-Bsymbolic-functions -Wl,-z,relro -o BabySmix main.o container.o qmlapplicationviewer.o moc_container.o moc_qmlapplicationviewer.o    -L/usr/lib/i386-linux-gnu -lQtDeclarative -lQtGui -lQtCore -lpthread 
make[1]: Leaving directory `/tmp/buildd/babysmix-1.0-0ubuntu1'
   dh_auto_test
 fakeroot debian/rules binary
dh binary
   dh_testroot
   dh_prep
   dh_installdirs
   dh_auto_install
make[1]: Entering directory `/tmp/buildd/babysmix-1.0-0ubuntu1'
cp -f -r /tmp/buildd/babysmix-1.0-0ubuntu1/qml/BabySmix /tmp/buildd/babysmix-1.0-0ubuntu1/debian/babysmix/opt/BabySmix/qml/
install -m 644 -p /tmp/buildd/babysmix-1.0-0ubuntu1/BabySmix.svg /tmp/buildd/babysmix-1.0-0ubuntu1/debian/babysmix/usr/share/icons/hicolor/scalable/apps/
install -m 644 -p /tmp/buildd/babysmix-1.0-0ubuntu1/BabySmix.desktop /tmp/buildd/babysmix-1.0-0ubuntu1/debian/babysmix/usr/share/applications/
install -m 755 -p "BabySmix" "/tmp/buildd/babysmix-1.0-0ubuntu1/debian/babysmix/opt/BabySmix/bin/BabySmix"
: "/tmp/buildd/babysmix-1.0-0ubuntu1/debian/babysmix/opt/BabySmix/bin/BabySmix"
make[1]: Leaving directory `/tmp/buildd/babysmix-1.0-0ubuntu1'
   dh_install
   dh_installdocs
   dh_installchangelogs
   dh_installexamples
   dh_installman
   dh_installcatalogs
   dh_installcron
   dh_installdebconf
   dh_installemacsen
   dh_installifupdown
   dh_installinfo
   dh_installinit
   dh_installmenu
   dh_installmime
   dh_installmodules
   dh_installlogcheck
   dh_installlogrotate
   dh_installpam
   dh_installppp
   dh_installudev
   dh_installwm
   dh_installxfonts
   dh_installgsettings
   dh_bugfiles
   dh_ucf
   dh_lintian
   dh_gconf
   dh_icons
   dh_perl
   dh_usrlocal
   dh_link
   dh_compress
   dh_fixperms
   dh_strip
   dh_makeshlibs
   dh_shlibdeps
   dh_installdeb
   dh_gencontrol
   dh_md5sums
   dh_builddeb
dpkg-deb: building package `babysmix' in `../babysmix_1.0-0ubuntu1-1_i386.deb'.
 dpkg-genchanges  >../babysmix_1.0-0ubuntu1-1_i386.changes
dpkg-genchanges: including full source code in upload
 dpkg-source --after-build babysmix-1.0-0ubuntu1
dpkg-buildpackage: full upload; Debian-native package (full source is included)
I: Copying back the cached apt archive contents
I: unmounting /var/cache/pbuilder/ccache filesystem
I: unmounting dev/pts filesystem
I: unmounting proc filesystem
I: cleaning the build env 
I: removing directory /var/cache/pbuilder/build//2702 and its subdirectories
I: Current time: Tue Jun 26 09:57:37 CEST 2012
I: pbuilder-time-stamp: 1340697457
